[22-Aug-2015 06:35:29 Europe/Berlin] PHP Fatal error:  Uncaught exception 'Zend_Db_Statement_Mysqli_Exception' with message 'Mysqli prepare error: Table 'pimcore.cache' doesn't exist' in /usr/share/webapps/pimcore/pimcore/lib/Zend/Db/Statement/Mysqli.php:77
Stack trace:
#0 /usr/share/webapps/pimcore/pimcore/lib/Zend/Db/Statement.php(115): Zend_Db_Statement_Mysqli->_prepare('SELECT data,exp...')
#1 /usr/share/webapps/pimcore/pimcore/lib/Zend/Db/Adapter/Mysqli.php(388): Zend_Db_Statement->__construct(Object(Zend_Db_Adapter_Mysqli), 'SELECT data,exp...')
#2 /usr/share/webapps/pimcore/pimcore/lib/Zend/Db/Adapter/Abstract.php(479): Zend_Db_Adapter_Mysqli->prepare('SELECT data,exp...')
#3 /usr/share/webapps/pimcore/pimcore/lib/Zend/Db/Adapter/Abstract.php(756): Zend_Db_Adapter_Abstract->query('SELECT data,exp...', 'system_cache_wr...')
#4 [internal function]: Zend_Db_Adapter_Abstract->fetchRow('SELECT data,exp...', 'system_cache_wr...')
#5 /usr/share/webapps/pimcore/pimcore/lib/Pimcore/Resource/Wrapper.php(263): call_user_func_array(Array, Array)
#6 /usr/share/webapps/ in /usr/share/webapps/pimcore/pimcore/lib/Zend/Db/Statement/Mysqli.php on line 77
[22-Aug-2015 06:35:29 Europe/Berlin] PHP Fatal error:  Uncaught exception 'Zend_Db_Statement_Mysqli_Exception' with message 'Mysqli prepare error: Table 'pimcore.cache' doesn't exist' in /usr/share/webapps/pimcore/pimcore/lib/Zend/Db/Statement/Mysqli.php:77
Stack trace:
#0 /usr/share/webapps/pimcore/pimcore/lib/Zend/Db/Statement.php(115): Zend_Db_Statement_Mysqli->_prepare('SELECT data,exp...')
#1 /usr/share/webapps/pimcore/pimcore/lib/Zend/Db/Adapter/Mysqli.php(388): Zend_Db_Statement->__construct(Object(Zend_Db_Adapter_Mysqli), 'SELECT data,exp...')
#2 /usr/share/webapps/pimcore/pimcore/lib/Zend/Db/Adapter/Abstract.php(479): Zend_Db_Adapter_Mysqli->prepare('SELECT data,exp...')
#3 /usr/share/webapps/pimcore/pimcore/lib/Zend/Db/Adapter/Abstract.php(756): Zend_Db_Adapter_Abstract->query('SELECT data,exp...', 'system_cache_wr...')
#4 [internal function]: Zend_Db_Adapter_Abstract->fetchRow('SELECT data,exp...', 'system_cache_wr...')
#5 /usr/share/webapps/pimcore/pimcore/lib/Pimcore/Resource/Wrapper.php(263): call_user_func_array(Array, Array)
#6 /usr/share/webapps/ in /usr/share/webapps/pimcore/pimcore/lib/Zend/Db/Statement/Mysqli.php on line 77
[22-Aug-2015 06:35:32 Europe/Berlin] PHP Fatal error:  Uncaught exception 'Zend_Db_Statement_Mysqli_Exception' with message 'Mysqli prepare error: Table 'pimcore.cache' doesn't exist' in /usr/share/webapps/pimcore/pimcore/lib/Zend/Db/Statement/Mysqli.php:77
Stack trace:
#0 /usr/share/webapps/pimcore/pimcore/lib/Zend/Db/Statement.php(115): Zend_Db_Statement_Mysqli->_prepare('SELECT data,exp...')
#1 /usr/share/webapps/pimcore/pimcore/lib/Zend/Db/Adapter/Mysqli.php(388): Zend_Db_Statement->__construct(Object(Zend_Db_Adapter_Mysqli), 'SELECT data,exp...')
#2 /usr/share/webapps/pimcore/pimcore/lib/Zend/Db/Adapter/Abstract.php(479): Zend_Db_Adapter_Mysqli->prepare('SELECT data,exp...')
#3 /usr/share/webapps/pimcore/pimcore/lib/Zend/Db/Adapter/Abstract.php(756): Zend_Db_Adapter_Abstract->query('SELECT data,exp...', 'system_cache_wr...')
#4 [internal function]: Zend_Db_Adapter_Abstract->fetchRow('SELECT data,exp...', 'system_cache_wr...')
#5 /usr/share/webapps/pimcore/pimcore/lib/Pimcore/Resource/Wrapper.php(263): call_user_func_array(Array, Array)
#6 /usr/share/webapps/ in /usr/share/webapps/pimcore/pimcore/lib/Zend/Db/Statement/Mysqli.php on line 77
[22-Aug-2015 06:35:32 Europe/Berlin] PHP Fatal error:  Uncaught exception 'Zend_Db_Statement_Mysqli_Exception' with message 'Mysqli prepare error: Table 'pimcore.cache' doesn't exist' in /usr/share/webapps/pimcore/pimcore/lib/Zend/Db/Statement/Mysqli.php:77
Stack trace:
#0 /usr/share/webapps/pimcore/pimcore/lib/Zend/Db/Statement.php(115): Zend_Db_Statement_Mysqli->_prepare('SELECT data,exp...')
#1 /usr/share/webapps/pimcore/pimcore/lib/Zend/Db/Adapter/Mysqli.php(388): Zend_Db_Statement->__construct(Object(Zend_Db_Adapter_Mysqli), 'SELECT data,exp...')
#2 /usr/share/webapps/pimcore/pimcore/lib/Zend/Db/Adapter/Abstract.php(479): Zend_Db_Adapter_Mysqli->prepare('SELECT data,exp...')
#3 /usr/share/webapps/pimcore/pimcore/lib/Zend/Db/Adapter/Abstract.php(756): Zend_Db_Adapter_Abstract->query('SELECT data,exp...', 'system_cache_wr...')
#4 [internal function]: Zend_Db_Adapter_Abstract->fetchRow('SELECT data,exp...', 'system_cache_wr...')
#5 /usr/share/webapps/pimcore/pimcore/lib/Pimcore/Resource/Wrapper.php(263): call_user_func_array(Array, Array)
#6 /usr/share/webapps/ in /usr/share/webapps/pimcore/pimcore/lib/Zend/Db/Statement/Mysqli.php on line 77
[22-Aug-2015 06:36:20 Europe/Berlin] PHP Fatal error:  Uncaught exception 'Zend_Db_Statement_Mysqli_Exception' with message 'Mysqli prepare error: Table 'pimcore.cache' doesn't exist' in /usr/share/webapps/pimcore/pimcore/lib/Zend/Db/Statement/Mysqli.php:77
Stack trace:
#0 /usr/share/webapps/pimcore/pimcore/lib/Zend/Db/Statement.php(115): Zend_Db_Statement_Mysqli->_prepare('SELECT data,exp...')
#1 /usr/share/webapps/pimcore/pimcore/lib/Zend/Db/Adapter/Mysqli.php(388): Zend_Db_Statement->__construct(Object(Zend_Db_Adapter_Mysqli), 'SELECT data,exp...')
#2 /usr/share/webapps/pimcore/pimcore/lib/Zend/Db/Adapter/Abstract.php(479): Zend_Db_Adapter_Mysqli->prepare('SELECT data,exp...')
#3 /usr/share/webapps/pimcore/pimcore/lib/Zend/Db/Adapter/Abstract.php(756): Zend_Db_Adapter_Abstract->query('SELECT data,exp...', 'system_cache_wr...')
#4 [internal function]: Zend_Db_Adapter_Abstract->fetchRow('SELECT data,exp...', 'system_cache_wr...')
#5 /usr/share/webapps/pimcore/pimcore/lib/Pimcore/Resource/Wrapper.php(263): call_user_func_array(Array, Array)
#6 /usr/share/webapps/ in /usr/share/webapps/pimcore/pimcore/lib/Zend/Db/Statement/Mysqli.php on line 77
[22-Aug-2015 06:36:20 Europe/Berlin] PHP Fatal error:  Uncaught exception 'Zend_Db_Statement_Mysqli_Exception' with message 'Mysqli prepare error: Table 'pimcore.cache' doesn't exist' in /usr/share/webapps/pimcore/pimcore/lib/Zend/Db/Statement/Mysqli.php:77
Stack trace:
#0 /usr/share/webapps/pimcore/pimcore/lib/Zend/Db/Statement.php(115): Zend_Db_Statement_Mysqli->_prepare('SELECT data,exp...')
#1 /usr/share/webapps/pimcore/pimcore/lib/Zend/Db/Adapter/Mysqli.php(388): Zend_Db_Statement->__construct(Object(Zend_Db_Adapter_Mysqli), 'SELECT data,exp...')
#2 /usr/share/webapps/pimcore/pimcore/lib/Zend/Db/Adapter/Abstract.php(479): Zend_Db_Adapter_Mysqli->prepare('SELECT data,exp...')
#3 /usr/share/webapps/pimcore/pimcore/lib/Zend/Db/Adapter/Abstract.php(756): Zend_Db_Adapter_Abstract->query('SELECT data,exp...', 'system_cache_wr...')
#4 [internal function]: Zend_Db_Adapter_Abstract->fetchRow('SELECT data,exp...', 'system_cache_wr...')
#5 /usr/share/webapps/pimcore/pimcore/lib/Pimcore/Resource/Wrapper.php(263): call_user_func_array(Array, Array)
#6 /usr/share/webapps/ in /usr/share/webapps/pimcore/pimcore/lib/Zend/Db/Statement/Mysqli.php on line 77
[22-Aug-2015 06:47:31 Europe/Berlin] PHP Fatal error:  Uncaught exception 'Zend_Console_Getopt_Exception' with message 'Option "e" is not recognized.' in /usr/share/webapps/pimcore/pimcore/lib/Zend/Console/Getopt.php:807
Stack trace:
#0 /usr/share/webapps/pimcore/pimcore/lib/Zend/Console/Getopt.php(788): Zend_Console_Getopt->_parseSingleOption('e', Array)
#1 /usr/share/webapps/pimcore/pimcore/lib/Zend/Console/Getopt.php(718): Zend_Console_Getopt->_parseShortOptionCluster(Array)
#2 /usr/share/webapps/pimcore/pimcore/lib/Zend/Console/Getopt.php(560): Zend_Console_Getopt->parse()
#3 /usr/share/webapps/pimcore/pimcore/cli/maintenance.php(65): Zend_Console_Getopt->getOption('help')
#4 {main}
  thrown in /usr/share/webapps/pimcore/pimcore/lib/Zend/Console/Getopt.php on line 807
